[debug] [2023-02-22T06:12:17.295Z] ----------------------------------------------------------------------
[debug] [2023-02-22T06:12:17.297Z] Command:       /home/jason/.nvm/versions/node/v16.17.0/bin/node /home/jason/.nvm/versions/node/v16.17.0/bin/firebase deploy
[debug] [2023-02-22T06:12:17.297Z] CLI Version:   11.23.1
[debug] [2023-02-22T06:12:17.297Z] Platform:      linux
[debug] [2023-02-22T06:12:17.297Z] Node Version:  v16.17.0
[debug] [2023-02-22T06:12:17.298Z] Time:          Wed Feb 22 2023 00:12:17 GMT-0600 (Central Standard Time)
[debug] [2023-02-22T06:12:17.298Z] ----------------------------------------------------------------------
[debug] 
[debug] [2023-02-22T06:12:17.346Z] > command requires scopes: ["email","openid","https://www.googleapis.com/auth/cloudplatformprojects.readonly","https://www.googleapis.com/auth/firebase","https://www.googleapis.com/auth/cloud-platform"]
[debug] [2023-02-22T06:12:17.346Z] > authorizing via signed-in user (jasonwong287962@gmail.com)
[debug] [2023-02-22T06:12:17.346Z] [iam] checking project waldo-d61a6 for permissions ["firebase.projects.get","firebasehosting.sites.update"]
[debug] [2023-02-22T06:12:17.348Z] >>> [apiv2][query] POST https://cloudresourcemanager.googleapis.com/v1/projects/waldo-d61a6:testIamPermissions [none]
[debug] [2023-02-22T06:12:17.348Z] >>> [apiv2][(partial)header] POST https://cloudresourcemanager.googleapis.com/v1/projects/waldo-d61a6:testIamPermissions x-goog-quota-user=projects/waldo-d61a6
[debug] [2023-02-22T06:12:17.348Z] >>> [apiv2][body] POST https://cloudresourcemanager.googleapis.com/v1/projects/waldo-d61a6:testIamPermissions {"permissions":["firebase.projects.get","firebasehosting.sites.update"]}
[debug] [2023-02-22T06:12:17.528Z] <<< [apiv2][status] POST https://cloudresourcemanager.googleapis.com/v1/projects/waldo-d61a6:testIamPermissions 200
[debug] [2023-02-22T06:12:17.529Z] <<< [apiv2][body] POST https://cloudresourcemanager.googleapis.com/v1/projects/waldo-d61a6:testIamPermissions {"permissions":["firebase.projects.get","firebasehosting.sites.update"]}
[debug] [2023-02-22T06:12:17.530Z] >>> [apiv2][query] GET https://firebase.googleapis.com/v1beta1/projects/waldo-d61a6 [none]
[debug] [2023-02-22T06:12:17.746Z] <<< [apiv2][status] GET https://firebase.googleapis.com/v1beta1/projects/waldo-d61a6 200
[debug] [2023-02-22T06:12:17.746Z] <<< [apiv2][body] GET https://firebase.googleapis.com/v1beta1/projects/waldo-d61a6 {"projectId":"waldo-d61a6","projectNumber":"223196428111","displayName":"Waldo","name":"projects/waldo-d61a6","resources":{"hostingSite":"waldo-d61a6"},"state":"ACTIVE","etag":"1_0a9d1093-477e-4bf5-81fb-669bed1628f6"}
[info] 
[info] === Deploying to 'waldo-d61a6'...
[info] 
[info] i  deploying hosting 
[debug] [2023-02-22T06:12:17.751Z] >>> [apiv2][query] POST https://firebasehosting.googleapis.com/v1beta1/projects/-/sites/waldo-d61a6/versions [none]
[debug] [2023-02-22T06:12:17.751Z] >>> [apiv2][body] POST https://firebasehosting.googleapis.com/v1beta1/projects/-/sites/waldo-d61a6/versions {"status":"CREATED","labels":{"deployment-tool":"cli-firebase"}}
[debug] [2023-02-22T06:12:18.238Z] <<< [apiv2][status] POST https://firebasehosting.googleapis.com/v1beta1/projects/-/sites/waldo-d61a6/versions 200
[debug] [2023-02-22T06:12:18.238Z] <<< [apiv2][body] POST https://firebasehosting.googleapis.com/v1beta1/projects/-/sites/waldo-d61a6/versions {"name":"projects/223196428111/sites/waldo-d61a6/versions/e3313ea562320af4","status":"CREATED","config":{},"labels":{"deployment-tool":"cli-firebase"}}
[info] i  hosting[waldo-d61a6]: beginning deploy... 
[info] i  hosting[waldo-d61a6]: found 14 files in ./build 
[debug] [2023-02-22T06:12:18.244Z] [hosting] uploading with 200 concurrency
[debug] [2023-02-22T06:12:18.247Z] [hosting] hash cache [YnVpbGQ] stored for 14 files
[debug] [2023-02-22T06:12:18.247Z] [hosting][hash queue][FINAL] {"max":1,"min":0,"avg":1,"active":0,"complete":14,"success":14,"errored":0,"retried":0,"total":14,"elapsed":1}
[debug] [2023-02-22T06:12:18.248Z] >>> [apiv2][query] POST https://firebasehosting.googleapis.com/v1beta1/projects/223196428111/sites/waldo-d61a6/versions/e3313ea562320af4:populateFiles [none]
[debug] [2023-02-22T06:12:18.248Z] >>> [apiv2][body] POST https://firebasehosting.googleapis.com/v1beta1/projects/223196428111/sites/waldo-d61a6/versions/e3313ea562320af4:populateFiles {"files":{"/asset-manifest.json":"f3b97e762422cc546162889ff88a0c6d9e688cea78fd4fb0d5f80f274944006a","/favicon.ico":"c599b7a91ab3627e3538125d9f40adc2d4bf949046984262670545dc7738af06","/index.html":"478165414e15978642e89efd70090c52476175b252fd8500cabaf9274dc38bdb","/logo192.png":"76c449ccb9cd117c2f2338f091b18f7050f3210e249b2228f5c81b23f34377cd","/logo512.png":"7779210d56c1f3741e2e487799fe3092def4fa6ac450a60532b807c3a8971205","/manifest.json":"0958a5e0c831126100c8c2d06a6bbaa665a3900f21aaff4130238a6f5a113aa1","/robots.txt":"2544ca049f223a42bff01f72ad930a5edba75bbb7199d0f8430a02ff5aca16ec","/static/css/main.3cae3590.css":"f87ded6f91cdf06a164f52d232105285963725c78f8e69948a27a4f2007f1c19","/static/css/main.3cae3590.css.map":"400e0c60d461d0c843f1420c65a216496830b6ddeb884c5e38ff84af47e8bd57","/static/js/main.f75e8b93.js":"40d9e0105d197e6b04a1e288b20dd1490c1335edf293f4b0a61ede491234ad1d","/static/js/main.f75e8b93.js.LICENSE.txt":"389733cff301a3f10834d62d33048652ee4375d1c12638ab7ed459f7c8ff78e7","/static/js/main.f75e8b93.js.map":"d9521366f887e11a404ad3923864b7b7035faa17e6fecd9af6bf75010a7b44fc","/static/media/WhereisPikachu.a010a6480da0b3b2736f.jpeg":"f134025fb9cb380238c01ad2f810b573617864c554596ed339c003516cb91834","/static/media/WhereisWaldo.3d82f789fc99d0a67709.png":"1409313a7ab7a5409f92dbccc3dbb2c47b16e167dd0afd4429839bbaaed72363"}}
[debug] [2023-02-22T06:12:18.561Z] <<< [apiv2][status] POST https://firebasehosting.googleapis.com/v1beta1/projects/223196428111/sites/waldo-d61a6/versions/e3313ea562320af4:populateFiles 200
[debug] [2023-02-22T06:12:18.561Z] <<< [apiv2][body] POST https://firebasehosting.googleapis.com/v1beta1/projects/223196428111/sites/waldo-d61a6/versions/e3313ea562320af4:populateFiles {"uploadUrl":"https://upload-firebasehosting.googleapis.com/upload/sites/waldo-d61a6/versions/e3313ea562320af4/files"}
[debug] [2023-02-22T06:12:18.561Z] [hosting][populate queue][FINAL] {"max":314,"min":314,"avg":314,"active":0,"complete":1,"success":1,"errored":0,"retried":0,"total":1,"elapsed":314}
[debug] [2023-02-22T06:12:18.562Z] [hosting] uploads queued: 0
[debug] [2023-02-22T06:12:18.562Z] [hosting][upload queue][FINAL] {"max":0,"min":9999999999,"avg":0,"active":0,"complete":0,"success":0,"errored":0,"retried":0,"total":0,"elapsed":1677046338562}
[info] ✔  hosting[waldo-d61a6]: file upload complete 
[debug] [2023-02-22T06:12:18.562Z] [hosting] deploy completed after 323ms
[debug] [2023-02-22T06:12:18.563Z] [
  {
    "config": {
      "public": "./build",
      "headers": [
        {
          "source": "**/*.@(js|html)",
          "headers": [
            {
              "key": "Cache-Control",
              "value": "max-age=0"
            }
          ]
        }
      ],
      "site": "waldo-d61a6"
    },
    "version": "projects/223196428111/sites/waldo-d61a6/versions/e3313ea562320af4"
  }
]
[info] i  hosting[waldo-d61a6]: finalizing version... 
[debug] [2023-02-22T06:12:18.565Z] >>> [apiv2][query] PATCH https://firebasehosting.googleapis.com/v1beta1/projects/-/sites/waldo-d61a6/versions/e3313ea562320af4 updateMask=status%2Cconfig
[debug] [2023-02-22T06:12:18.565Z] >>> [apiv2][body] PATCH https://firebasehosting.googleapis.com/v1beta1/projects/-/sites/waldo-d61a6/versions/e3313ea562320af4 {"status":"FINALIZED","config":{"headers":[{"glob":"**/*.@(js|html)","headers":{"Cache-Control":"max-age=0"}}]}}
[debug] [2023-02-22T06:12:18.888Z] <<< [apiv2][status] PATCH https://firebasehosting.googleapis.com/v1beta1/projects/-/sites/waldo-d61a6/versions/e3313ea562320af4 200
[debug] [2023-02-22T06:12:18.888Z] <<< [apiv2][body] PATCH https://firebasehosting.googleapis.com/v1beta1/projects/-/sites/waldo-d61a6/versions/e3313ea562320af4 {"name":"projects/223196428111/sites/waldo-d61a6/versions/e3313ea562320af4","status":"FINALIZED","config":{"headers":[{"headers":{"Cache-Control":"max-age=0"},"glob":"**/*.@(js|html)"}]},"labels":{"deployment-tool":"cli-firebase"},"createTime":"2023-02-22T06:12:17.953572Z","createUser":{"email":"jasonwong287962@gmail.com"},"finalizeTime":"2023-02-22T06:12:18.843544Z","finalizeUser":{"email":"jasonwong287962@gmail.com"}}
[debug] [2023-02-22T06:12:18.888Z] [hosting] finalized version for waldo-d61a6:[object Object]
[info] ✔  hosting[waldo-d61a6]: version finalized 
[info] i  hosting[waldo-d61a6]: releasing new version... 
[debug] [2023-02-22T06:12:18.889Z] >>> [apiv2][query] POST https://firebasehosting.googleapis.com/v1beta1/projects/-/sites/waldo-d61a6/channels/live/releases versionName=projects%2F223196428111%2Fsites%2Fwaldo-d61a6%2Fversions%2Fe3313ea562320af4
[debug] [2023-02-22T06:12:18.889Z] >>> [apiv2][body] POST https://firebasehosting.googleapis.com/v1beta1/projects/-/sites/waldo-d61a6/channels/live/releases {}
